<?xml version="1.0" encoding="utf-8"?>
<TestRun id="4e0beef9-cb6b-4562-ac89-5435b56e6b6f" name="LOQPC@LAPTOP-AV2KS0KH 2025-08-08 22:55:42" runUser="LAPTOP-AV2KS0KH\LOQPC" xmlns="http://microsoft.com/schemas/VisualStudio/TeamTest/2010">
  <Times creation="2025-08-08T22:55:42.1691073-04:00" queuing="2025-08-08T22:55:42.1691083-04:00" start="2025-08-08T22:55:33.6302470-04:00" finish="2025-08-08T22:56:44.4528564-04:00" />
  <TestSettings name="default" id="dfb17403-2630-4b2a-be4e-24c38a233972">
    <Deployment runDeploymentRoot="LOQPC_LAPTOP-AV2KS0KH_2025-08-08_22_55_42" />
  </TestSettings>
  <Results>
    <UnitTestResult executionId="ca7f404c-3e25-470a-b037-58c95ed67fb6" testId="adec8a46-f1e3-d3a0-9d7f-52b1ee058005" testName="CrearUsuario_PruebaLimite_EmailMuyLargo" computerName="LAPTOP-AV2KS0KH" duration="00:00:15.2674030" startTime="2025-08-08T22:55:42.0764736-04:00" endTime="2025-08-08T22:55:57.3438762-04:00" testType="13cdc9d9-ddb5-4fa4-a97d-d965ccfc6d4b" outcome="Failed" testListId="8c84fa94-04c1-424b-9868-57a2d4851a1d" relativeResultsDirectory="ca7f404c-3e25-470a-b037-58c95ed67fb6">
      <Output>
        <ErrorInfo>
          <Message>OpenQA.Selenium.WebDriverTimeoutException : Timed out after 10 seconds&#xD;
  ----&gt; OpenQA.Selenium.NoSuchElementException : no such element: Unable to locate element: {"method":"css selector","selector":"span.text-danger"}&#xD;
  (Session info: MicrosoftEdge=138.0.3351.121); For documentation on this error, please visit: https://www.selenium.dev/documentation/webdriver/troubleshooting/errors#no-such-element-exception</Message>
          <StackTrace>   at OpenQA.Selenium.Support.UI.DefaultWait`1.ThrowTimeoutException(String exceptionMessage, Exception lastException)&#xD;
   at OpenQA.Selenium.Support.UI.DefaultWait`1.Until[TResult](Func`2 condition, CancellationToken token)&#xD;
   at OpenQA.Selenium.Support.UI.DefaultWait`1.Until[TResult](Func`2 condition)&#xD;
   at Pruebas_unitarias.PrimeBeautyMVC.Tests.UsuarioTests.CrearUsuario_PruebaLimite_EmailMuyLargo() in C:\Users\LOQPC\Documents\Nuevo\Prueba\Pruebas unitarias\UsuarioTests.cs:line 140&#xD;
   at System.RuntimeMethodHandle.InvokeMethod(Object target, Void** arguments, Signature sig, Boolean isConstructor)&#xD;
   at System.Reflection.MethodBaseInvoker.InvokeWithNoArgs(Object obj, BindingFlags invokeAttr)&#xD;
--NoSuchElementException&#xD;
   at OpenQA.Selenium.WebDriver.UnpackAndThrowOnError(Response errorResponse, String commandToExecute)&#xD;
   at OpenQA.Selenium.WebDriver.ExecuteAsync(String driverCommandToExecute, Dictionary`2 parameters)&#xD;
   at OpenQA.Selenium.WebDriver.Execute(String driverCommandToExecute, Dictionary`2 parameters)&#xD;
   at OpenQA.Selenium.WebDriver.FindElement(String mechanism, String value)&#xD;
   at OpenQA.Selenium.By.&lt;.ctor&gt;b__6_0(ISearchContext context)&#xD;
   at OpenQA.Selenium.By.FindElement(ISearchContext context)&#xD;
   at OpenQA.Selenium.WebDriver.FindElement(By by)&#xD;
   at Pruebas_unitarias.PrimeBeautyMVC.Tests.UsuarioTests.&lt;&gt;c.&lt;CrearUsuario_PruebaLimite_EmailMuyLargo&gt;b__11_0(IWebDriver d) in C:\Users\LOQPC\Documents\Nuevo\Prueba\Pruebas unitarias\UsuarioTests.cs:line 140&#xD;
   at OpenQA.Selenium.Support.UI.DefaultWait`1.Until[TResult](Func`2 condition, CancellationToken token)
</StackTrace>
        </ErrorInfo>
      </Output>
    </UnitTestResult>
    <UnitTestResult executionId="bed8185f-1104-42df-8293-7d252d6cdfc6" testId="8556be95-e5b7-6f6a-0895-d7e88710194c" testName="Login_PruebaNegativa_ContrasenaIncorrecta" computerName="LAPTOP-AV2KS0KH" duration="00:00:03.5662780" startTime="2025-08-08T22:56:40.4362904-04:00" endTime="2025-08-08T22:56:44.0025678-04:00" testType="13cdc9d9-ddb5-4fa4-a97d-d965ccfc6d4b" outcome="Passed" testListId="8c84fa94-04c1-424b-9868-57a2d4851a1d" relativeResultsDirectory="bed8185f-1104-42df-8293-7d252d6cdfc6" />
    <UnitTestResult executionId="31444971-a50b-40e8-9514-c11fbce657d4" testId="a6320ca0-38a8-7b28-2771-d48abcc0c106" testName="Login_CaminoFeliz" computerName="LAPTOP-AV2KS0KH" duration="00:00:13.9371170" startTime="2025-08-08T22:56:23.1383388-04:00" endTime="2025-08-08T22:56:37.0754550-04:00" testType="13cdc9d9-ddb5-4fa4-a97d-d965ccfc6d4b" outcome="Failed" testListId="8c84fa94-04c1-424b-9868-57a2d4851a1d" relativeResultsDirectory="31444971-a50b-40e8-9514-c11fbce657d4">
      <Output>
        <ErrorInfo>
          <Message>OpenQA.Selenium.WebDriverTimeoutException : Timed out after 10 seconds</Message>
          <StackTrace>   at OpenQA.Selenium.Support.UI.DefaultWait`1.ThrowTimeoutException(String exceptionMessage, Exception lastException)&#xD;
   at OpenQA.Selenium.Support.UI.DefaultWait`1.Until[TResult](Func`2 condition, CancellationToken token)&#xD;
   at OpenQA.Selenium.Support.UI.DefaultWait`1.Until[TResult](Func`2 condition)&#xD;
   at Pruebas_unitarias.PrimeBeautyMVC.Tests.UsuarioTests.Login_CaminoFeliz() in C:\Users\LOQPC\Documents\Nuevo\Prueba\Pruebas unitarias\UsuarioTests.cs:line 47&#xD;
   at System.RuntimeMethodHandle.InvokeMethod(Object target, Void** arguments, Signature sig, Boolean isConstructor)&#xD;
   at System.Reflection.MethodBaseInvoker.InvokeWithNoArgs(Object obj, BindingFlags invokeAttr)
</StackTrace>
        </ErrorInfo>
      </Output>
    </UnitTestResult>
    <UnitTestResult executionId="b4b9b502-966c-4930-9bb9-34f6eaf305a3" testId="88a19d0c-5f7a-e5f3-19b7-5590e8af26bd" testName="CrearUsuario_PruebaNegativa_EmailVacio" computerName="LAPTOP-AV2KS0KH" duration="00:00:13.5362820" startTime="2025-08-08T22:55:57.3442210-04:00" endTime="2025-08-08T22:56:10.8805018-04:00" testType="13cdc9d9-ddb5-4fa4-a97d-d965ccfc6d4b" outcome="Failed" testListId="8c84fa94-04c1-424b-9868-57a2d4851a1d" relativeResultsDirectory="b4b9b502-966c-4930-9bb9-34f6eaf305a3">
      <Output>
        <ErrorInfo>
          <Message>OpenQA.Selenium.WebDriverTimeoutException : Timed out after 10 seconds</Message>
          <StackTrace>   at OpenQA.Selenium.Support.UI.DefaultWait`1.ThrowTimeoutException(String exceptionMessage, Exception lastException)&#xD;
   at OpenQA.Selenium.Support.UI.DefaultWait`1.Until[TResult](Func`2 condition, CancellationToken token)&#xD;
   at OpenQA.Selenium.Support.UI.DefaultWait`1.Until[TResult](Func`2 condition)&#xD;
   at Pruebas_unitarias.PrimeBeautyMVC.Tests.UsuarioTests.CrearUsuario_PruebaNegativa_EmailVacio() in C:\Users\LOQPC\Documents\Nuevo\Prueba\Pruebas unitarias\UsuarioTests.cs:line 117&#xD;
   at System.RuntimeMethodHandle.InvokeMethod(Object target, Void** arguments, Signature sig, Boolean isConstructor)&#xD;
   at System.Reflection.MethodBaseInvoker.InvokeWithNoArgs(Object obj, BindingFlags invokeAttr)
</StackTrace>
        </ErrorInfo>
      </Output>
    </UnitTestResult>
    <UnitTestResult executionId="44ea6ad7-d6f7-40a8-b15d-264420125aaf" testId="0120a17c-ee2a-d0bb-d5af-acd544900854" testName="EliminarUsuario_CaminoFeliz" computerName="LAPTOP-AV2KS0KH" duration="00:00:03.2454260" startTime="2025-08-08T22:56:19.8927746-04:00" endTime="2025-08-08T22:56:23.1381998-04:00" testType="13cdc9d9-ddb5-4fa4-a97d-d965ccfc6d4b" outcome="Failed" testListId="8c84fa94-04c1-424b-9868-57a2d4851a1d" relativeResultsDirectory="44ea6ad7-d6f7-40a8-b15d-264420125aaf">
      <Output>
        <ErrorInfo>
          <Message>OpenQA.Selenium.NoAlertPresentException : no such alert&#xD;
  (Session info: MicrosoftEdge=138.0.3351.121)</Message>
          <StackTrace>   at OpenQA.Selenium.WebDriver.UnpackAndThrowOnError(Response errorResponse, String commandToExecute)&#xD;
   at OpenQA.Selenium.WebDriver.ExecuteAsync(String driverCommandToExecute, Dictionary`2 parameters)&#xD;
   at OpenQA.Selenium.WebDriver.Execute(String driverCommandToExecute, Dictionary`2 parameters)&#xD;
   at OpenQA.Selenium.TargetLocator.Alert()&#xD;
   at Pruebas_unitarias.PrimeBeautyMVC.Tests.UsuarioTests.EliminarUsuario_CaminoFeliz() in C:\Users\LOQPC\Documents\Nuevo\Prueba\Pruebas unitarias\UsuarioTests.cs:line 176&#xD;
   at System.RuntimeMethodHandle.InvokeMethod(Object target, Void** arguments, Signature sig, Boolean isConstructor)&#xD;
   at System.Reflection.MethodBaseInvoker.InvokeWithNoArgs(Object obj, BindingFlags invokeAttr)
</StackTrace>
        </ErrorInfo>
      </Output>
    </UnitTestResult>
    <UnitTestResult executionId="ab3105c8-c751-4a71-82da-a7f28a4312e0" testId="b4f20f89-28e7-7e8d-b960-a5ae2e4a22a4" testName="EditarUsuario_CaminoFeliz" computerName="LAPTOP-AV2KS0KH" duration="00:00:09.0120539" startTime="2025-08-08T22:56:10.8806419-04:00" endTime="2025-08-08T22:56:19.8926956-04:00" testType="13cdc9d9-ddb5-4fa4-a97d-d965ccfc6d4b" outcome="Passed" testListId="8c84fa94-04c1-424b-9868-57a2d4851a1d" relativeResultsDirectory="ab3105c8-c751-4a71-82da-a7f28a4312e0" />
    <UnitTestResult executionId="a0eabda4-6ab3-407f-bd36-ad34e8c79795" testId="0be2ad30-fbcb-f61b-711d-f0fa55c1119d" testName="CrearUsuario_CaminoFeliz" computerName="LAPTOP-AV2KS0KH" duration="00:00:07.3747330" startTime="2025-08-08T22:55:34.7001719-04:00" endTime="2025-08-08T22:55:42.0748450-04:00" testType="13cdc9d9-ddb5-4fa4-a97d-d965ccfc6d4b" outcome="Passed" testListId="8c84fa94-04c1-424b-9868-57a2d4851a1d" relativeResultsDirectory="a0eabda4-6ab3-407f-bd36-ad34e8c79795" />
    <UnitTestResult executionId="4db6f05e-452b-451d-8f55-f5c61aced3d5" testId="d7cb21c5-131e-bf84-c0ce-1fa836482977" testName="Login_PruebaLimite_CamposVacios" computerName="LAPTOP-AV2KS0KH" duration="00:00:03.3591180" startTime="2025-08-08T22:56:37.0755489-04:00" endTime="2025-08-08T22:56:40.4346653-04:00" testType="13cdc9d9-ddb5-4fa4-a97d-d965ccfc6d4b" outcome="Passed" testListId="8c84fa94-04c1-424b-9868-57a2d4851a1d" relativeResultsDirectory="4db6f05e-452b-451d-8f55-f5c61aced3d5" />
  </Results>
  <TestDefinitions>
    <UnitTest name="EliminarUsuario_CaminoFeliz" storage="c:\users\loqpc\documents\nuevo\prueba\pruebas unitarias\bin\debug\net8.0\pruebas unitarias.dll" id="0120a17c-ee2a-d0bb-d5af-acd544900854">
      <Execution id="44ea6ad7-d6f7-40a8-b15d-264420125aaf" />
      <TestMethod codeBase="C:\Users\LOQPC\Documents\Nuevo\Prueba\Pruebas unitarias\bin\Debug\net8.0\Pruebas unitarias.dll" adapterTypeName="executor://nunit3testexecutor/" className="Pruebas_unitarias.PrimeBeautyMVC.Tests.UsuarioTests" name="EliminarUsuario_CaminoFeliz" />
    </UnitTest>
    <UnitTest name="CrearUsuario_PruebaNegativa_EmailVacio" storage="c:\users\loqpc\documents\nuevo\prueba\pruebas unitarias\bin\debug\net8.0\pruebas unitarias.dll" id="88a19d0c-5f7a-e5f3-19b7-5590e8af26bd">
      <Execution id="b4b9b502-966c-4930-9bb9-34f6eaf305a3" />
      <TestMethod codeBase="C:\Users\LOQPC\Documents\Nuevo\Prueba\Pruebas unitarias\bin\Debug\net8.0\Pruebas unitarias.dll" adapterTypeName="executor://nunit3testexecutor/" className="Pruebas_unitarias.PrimeBeautyMVC.Tests.UsuarioTests" name="CrearUsuario_PruebaNegativa_EmailVacio" />
    </UnitTest>
    <UnitTest name="CrearUsuario_CaminoFeliz" storage="c:\users\loqpc\documents\nuevo\prueba\pruebas unitarias\bin\debug\net8.0\pruebas unitarias.dll" id="0be2ad30-fbcb-f61b-711d-f0fa55c1119d">
      <Execution id="a0eabda4-6ab3-407f-bd36-ad34e8c79795" />
      <TestMethod codeBase="C:\Users\LOQPC\Documents\Nuevo\Prueba\Pruebas unitarias\bin\Debug\net8.0\Pruebas unitarias.dll" adapterTypeName="executor://nunit3testexecutor/" className="Pruebas_unitarias.PrimeBeautyMVC.Tests.UsuarioTests" name="CrearUsuario_CaminoFeliz" />
    </UnitTest>
    <UnitTest name="Login_PruebaLimite_CamposVacios" storage="c:\users\loqpc\documents\nuevo\prueba\pruebas unitarias\bin\debug\net8.0\pruebas unitarias.dll" id="d7cb21c5-131e-bf84-c0ce-1fa836482977">
      <Execution id="4db6f05e-452b-451d-8f55-f5c61aced3d5" />
      <TestMethod codeBase="C:\Users\LOQPC\Documents\Nuevo\Prueba\Pruebas unitarias\bin\Debug\net8.0\Pruebas unitarias.dll" adapterTypeName="executor://nunit3testexecutor/" className="Pruebas_unitarias.PrimeBeautyMVC.Tests.UsuarioTests" name="Login_PruebaLimite_CamposVacios" />
    </UnitTest>
    <UnitTest name="Login_PruebaNegativa_ContrasenaIncorrecta" storage="c:\users\loqpc\documents\nuevo\prueba\pruebas unitarias\bin\debug\net8.0\pruebas unitarias.dll" id="8556be95-e5b7-6f6a-0895-d7e88710194c">
      <Execution id="bed8185f-1104-42df-8293-7d252d6cdfc6" />
      <TestMethod codeBase="C:\Users\LOQPC\Documents\Nuevo\Prueba\Pruebas unitarias\bin\Debug\net8.0\Pruebas unitarias.dll" adapterTypeName="executor://nunit3testexecutor/" className="Pruebas_unitarias.PrimeBeautyMVC.Tests.UsuarioTests" name="Login_PruebaNegativa_ContrasenaIncorrecta" />
    </UnitTest>
    <UnitTest name="Login_CaminoFeliz" storage="c:\users\loqpc\documents\nuevo\prueba\pruebas unitarias\bin\debug\net8.0\pruebas unitarias.dll" id="a6320ca0-38a8-7b28-2771-d48abcc0c106">
      <Execution id="31444971-a50b-40e8-9514-c11fbce657d4" />
      <TestMethod codeBase="C:\Users\LOQPC\Documents\Nuevo\Prueba\Pruebas unitarias\bin\Debug\net8.0\Pruebas unitarias.dll" adapterTypeName="executor://nunit3testexecutor/" className="Pruebas_unitarias.PrimeBeautyMVC.Tests.UsuarioTests" name="Login_CaminoFeliz" />
    </UnitTest>
    <UnitTest name="CrearUsuario_PruebaLimite_EmailMuyLargo" storage="c:\users\loqpc\documents\nuevo\prueba\pruebas unitarias\bin\debug\net8.0\pruebas unitarias.dll" id="adec8a46-f1e3-d3a0-9d7f-52b1ee058005">
      <Execution id="ca7f404c-3e25-470a-b037-58c95ed67fb6" />
      <TestMethod codeBase="C:\Users\LOQPC\Documents\Nuevo\Prueba\Pruebas unitarias\bin\Debug\net8.0\Pruebas unitarias.dll" adapterTypeName="executor://nunit3testexecutor/" className="Pruebas_unitarias.PrimeBeautyMVC.Tests.UsuarioTests" name="CrearUsuario_PruebaLimite_EmailMuyLargo" />
    </UnitTest>
    <UnitTest name="EditarUsuario_CaminoFeliz" storage="c:\users\loqpc\documents\nuevo\prueba\pruebas unitarias\bin\debug\net8.0\pruebas unitarias.dll" id="b4f20f89-28e7-7e8d-b960-a5ae2e4a22a4">
      <Execution id="ab3105c8-c751-4a71-82da-a7f28a4312e0" />
      <TestMethod codeBase="C:\Users\LOQPC\Documents\Nuevo\Prueba\Pruebas unitarias\bin\Debug\net8.0\Pruebas unitarias.dll" adapterTypeName="executor://nunit3testexecutor/" className="Pruebas_unitarias.PrimeBeautyMVC.Tests.UsuarioTests" name="EditarUsuario_CaminoFeliz" />
    </UnitTest>
  </TestDefinitions>
  <TestEntries>
    <TestEntry testId="adec8a46-f1e3-d3a0-9d7f-52b1ee058005" executionId="ca7f404c-3e25-470a-b037-58c95ed67fb6" testListId="8c84fa94-04c1-424b-9868-57a2d4851a1d" />
    <TestEntry testId="8556be95-e5b7-6f6a-0895-d7e88710194c" executionId="bed8185f-1104-42df-8293-7d252d6cdfc6" testListId="8c84fa94-04c1-424b-9868-57a2d4851a1d" />
    <TestEntry testId="a6320ca0-38a8-7b28-2771-d48abcc0c106" executionId="31444971-a50b-40e8-9514-c11fbce657d4" testListId="8c84fa94-04c1-424b-9868-57a2d4851a1d" />
    <TestEntry testId="88a19d0c-5f7a-e5f3-19b7-5590e8af26bd" executionId="b4b9b502-966c-4930-9bb9-34f6eaf305a3" testListId="8c84fa94-04c1-424b-9868-57a2d4851a1d" />
    <TestEntry testId="0120a17c-ee2a-d0bb-d5af-acd544900854" executionId="44ea6ad7-d6f7-40a8-b15d-264420125aaf" testListId="8c84fa94-04c1-424b-9868-57a2d4851a1d" />
    <TestEntry testId="b4f20f89-28e7-7e8d-b960-a5ae2e4a22a4" executionId="ab3105c8-c751-4a71-82da-a7f28a4312e0" testListId="8c84fa94-04c1-424b-9868-57a2d4851a1d" />
    <TestEntry testId="0be2ad30-fbcb-f61b-711d-f0fa55c1119d" executionId="a0eabda4-6ab3-407f-bd36-ad34e8c79795" testListId="8c84fa94-04c1-424b-9868-57a2d4851a1d" />
    <TestEntry testId="d7cb21c5-131e-bf84-c0ce-1fa836482977" executionId="4db6f05e-452b-451d-8f55-f5c61aced3d5" testListId="8c84fa94-04c1-424b-9868-57a2d4851a1d" />
  </TestEntries>
  <TestLists>
    <TestList name="Results Not in a List" id="8c84fa94-04c1-424b-9868-57a2d4851a1d" />
    <TestList name="All Loaded Results" id="19431567-8539-422a-85d7-44ee4e166bda" />
  </TestLists>
  <ResultSummary outcome="Failed">
    <Counters total="8" executed="8" passed="4" failed="4" error="0" timeout="0" aborted="0" inconclusive="0" passedButRunAborted="0" notRunnable="0" notExecuted="0" disconnected="0" warning="0" completed="0" inProgress="0" pending="0" />
    <Output>
      <StdOut>NUnit Adapter 5.0.0.0: Test execution started&#xD;
Running all tests in C:\Users\LOQPC\Documents\Nuevo\Prueba\Pruebas unitarias\bin\Debug\net8.0\Pruebas unitarias.dll&#xD;
   NUnit3TestExecutor discovered 8 of 8 NUnit test cases using Current Discovery mode, Non-Explicit run&#xD;
Starting Microsoft Edge WebDriver 138.0.3351.121 (98ab1f0baf455a26e57001671749c92d386ebb02) on port 54299&#xD;
To submit feedback, report a bug, or suggest new features, please visit https://github.com/MicrosoftEdge/EdgeWebDriver&#xD;
Only local connections are allowed.&#xD;
Please see https://aka.ms/WebDriverSecurity for suggestions on keeping Microsoft Edge WebDriver safe.&#xD;
msedgedriver was started successfully on port 54299.&#xD;
Starting Microsoft Edge WebDriver 138.0.3351.121 (98ab1f0baf455a26e57001671749c92d386ebb02) on port 54328&#xD;
To submit feedback, report a bug, or suggest new features, please visit https://github.com/MicrosoftEdge/EdgeWebDriver&#xD;
Only local connections are allowed.&#xD;
Please see https://aka.ms/WebDriverSecurity for suggestions on keeping Microsoft Edge WebDriver safe.&#xD;
msedgedriver was started successfully on port 54328.&#xD;
Starting Microsoft Edge WebDriver 138.0.3351.121 (98ab1f0baf455a26e57001671749c92d386ebb02) on port 54359&#xD;
To submit feedback, report a bug, or suggest new features, please visit https://github.com/MicrosoftEdge/EdgeWebDriver&#xD;
Only local connections are allowed.&#xD;
Please see https://aka.ms/WebDriverSecurity for suggestions on keeping Microsoft Edge WebDriver safe.&#xD;
msedgedriver was started successfully on port 54359.&#xD;
Starting Microsoft Edge WebDriver 138.0.3351.121 (98ab1f0baf455a26e57001671749c92d386ebb02) on port 54389&#xD;
To submit feedback, report a bug, or suggest new features, please visit https://github.com/MicrosoftEdge/EdgeWebDriver&#xD;
Only local connections are allowed.&#xD;
Please see https://aka.ms/WebDriverSecurity for suggestions on keeping Microsoft Edge WebDriver safe.&#xD;
msedgedriver was started successfully on port 54389.&#xD;
Starting Microsoft Edge WebDriver 138.0.3351.121 (98ab1f0baf455a26e57001671749c92d386ebb02) on port 54432&#xD;
To submit feedback, report a bug, or suggest new features, please visit https://github.com/MicrosoftEdge/EdgeWebDriver&#xD;
Only local connections are allowed.&#xD;
Please see https://aka.ms/WebDriverSecurity for suggestions on keeping Microsoft Edge WebDriver safe.&#xD;
msedgedriver was started successfully on port 54432.&#xD;
Starting Microsoft Edge WebDriver 138.0.3351.121 (98ab1f0baf455a26e57001671749c92d386ebb02) on port 54453&#xD;
To submit feedback, report a bug, or suggest new features, please visit https://github.com/MicrosoftEdge/EdgeWebDriver&#xD;
Only local connections are allowed.&#xD;
Please see https://aka.ms/WebDriverSecurity for suggestions on keeping Microsoft Edge WebDriver safe.&#xD;
msedgedriver was started successfully on port 54453.&#xD;
Starting Microsoft Edge WebDriver 138.0.3351.121 (98ab1f0baf455a26e57001671749c92d386ebb02) on port 54482&#xD;
To submit feedback, report a bug, or suggest new features, please visit https://github.com/MicrosoftEdge/EdgeWebDriver&#xD;
Only local connections are allowed.&#xD;
Please see https://aka.ms/WebDriverSecurity for suggestions on keeping Microsoft Edge WebDriver safe.&#xD;
msedgedriver was started successfully on port 54482.&#xD;
Starting Microsoft Edge WebDriver 138.0.3351.121 (98ab1f0baf455a26e57001671749c92d386ebb02) on port 54502&#xD;
To submit feedback, report a bug, or suggest new features, please visit https://github.com/MicrosoftEdge/EdgeWebDriver&#xD;
Only local connections are allowed.&#xD;
Please see https://aka.ms/WebDriverSecurity for suggestions on keeping Microsoft Edge WebDriver safe.&#xD;
msedgedriver was started successfully on port 54502.&#xD;
NUnit Adapter 5.0.0.0: Test execution complete&#xD;
[xUnit.net 00:00:00.00] xUnit.net VSTest Adapter v2.5.3.1+6b60a9e56a (64-bit .NET 8.0.18)&#xD;
[xUnit.net 00:00:00.25]   Discovering: Pruebas unitarias&#xD;
[xUnit.net 00:00:00.30]   Discovered:  Pruebas unitarias&#xD;
</StdOut>
    </Output>
  </ResultSummary>
</TestRun>